[2019-11-19 10:01:12] local.CRITICAL: SQLSTATE[HY000] [1698] Access denied for user 'root'@'localhost' (SQL: select `u`.`id`, `first_name`, `last_name`, `email`, `token`, `u`.`created_at`, `deleted_at`, `active`, `is_blocked`, `role_id`, `image_name` from `users` as `u` inner join `pictures` as `p` on `u`.`id` = `p`.`user_id` where (`email` = dusan.krsmanovic.95@gmail.com and `password` = 80d4a3e0d52d99b1429122023ba55b169e182b3c and `active` = 1 and `is_blocked` = 0 and `deleted_at` is null))  
[2019-11-19 10:01:20] local.CRITICAL: SQLSTATE[HY000] [1698] Access denied for user 'root'@'localhost' (SQL: select `u`.`id`, `first_name`, `last_name`, `email`, `token`, `u`.`created_at`, `deleted_at`, `active`, `is_blocked`, `role_id`, `image_name` from `users` as `u` inner join `pictures` as `p` on `u`.`id` = `p`.`user_id` where (`email` = dusan.krsmanovic.95@gmail.com and `password` = 80d4a3e0d52d99b1429122023ba55b169e182b3c and `active` = 1 and `is_blocked` = 0 and `deleted_at` is null))  
[2019-11-19 10:01:50] local.CRITICAL: SQLSTATE[HY000] [1698] Access denied for user 'root'@'localhost' (SQL: select `u`.`id`, `first_name`, `last_name`, `email`, `token`, `u`.`created_at`, `deleted_at`, `active`, `is_blocked`, `role_id`, `image_name` from `users` as `u` inner join `pictures` as `p` on `u`.`id` = `p`.`user_id` where (`email` = dusan.krsmanovic.95@gmail.com and `password` = 80d4a3e0d52d99b1429122023ba55b169e182b3c and `active` = 1 and `is_blocked` = 0 and `deleted_at` is null))  
[2019-11-19 10:01:55] local.CRITICAL: SQLSTATE[HY000] [1698] Access denied for user 'root'@'localhost' (SQL: select `u`.`id`, `first_name`, `last_name`, `email`, `token`, `u`.`created_at`, `deleted_at`, `active`, `is_blocked`, `role_id`, `image_name` from `users` as `u` inner join `pictures` as `p` on `u`.`id` = `p`.`user_id` where (`email` = duci1995@gmail.com and `password` = 80d4a3e0d52d99b1429122023ba55b169e182b3c and `active` = 1 and `is_blocked` = 0 and `deleted_at` is null))  
[2019-11-19 11:16:21] local.ALERT: SQLSTATE[23000]: Integrity constraint violation: 1062 Duplicate entry 'dusan.krsmanovic.28.16@gmail.com' for key 'users_email_unique' (SQL: update `users` set `first_name` = Jovan, `last_name` = Jovanovic, `email` = dusan.krsmanovic.28.16@gmail.com, `users`.`updated_at` = 2019-11-19 11:16:21 where `id` = 23)  
[2019-11-19 11:16:29] local.ALERT: SQLSTATE[23000]: Integrity constraint violation: 1062 Duplicate entry 'dusan.krsmanovic.28.16@gmail.com' for key 'users_email_unique' (SQL: update `users` set `first_name` = Jovan, `last_name` = Jovanovic, `email` = dusan.krsmanovic.28.16@gmail.com, `users`.`updated_at` = 2019-11-19 11:16:29 where `id` = 23)  
[2019-11-19 11:16:54] local.ALERT: SQLSTATE[23000]: Integrity constraint violation: 1062 Duplicate entry 'dusan.krsmanovic.28.16@gmail.com' for key 'users_email_unique' (SQL: update `users` set `first_name` = Jovan, `last_name` = Jovanovic, `email` = dusan.krsmanovic.28.16@gmail.com, `users`.`updated_at` = 2019-11-19 11:16:54 where `id` = 23)  
[2019-11-19 11:30:12] local.ALERT: SQLSTATE[23000]: Integrity constraint violation: 1062 Duplicate entry 'dusan.krsmanovic.28.16@gmail.com' for key 'users_email_unique' (SQL: update `users` set `first_name` = Jovan, `last_name` = Jovanovic, `email` = dusan.krsmanovic.28.16@gmail.com, `users`.`updated_at` = 2019-11-19 11:30:12 where `id` = 23)  
[2019-11-19 11:32:31] local.ALERT: SQLSTATE[23000]: Integrity constraint violation: 1062 Duplicate entry 'dusan.krsmanovic.28.16@gmail.com' for key 'users_email_unique' (SQL: update `users` set `first_name` = Jovan, `last_name` = Jovanovic, `email` = dusan.krsmanovic.28.16@gmail.com, `users`.`updated_at` = 2019-11-19 11:32:31 where `id` = 23)  
[2019-11-19 11:32:55] local.ALERT: SQLSTATE[23000]: Integrity constraint violation: 1062 Duplicate entry 'dusan.krsmanovic.28.16@gmail.com' for key 'users_email_unique' (SQL: update `users` set `first_name` = Jovan, `last_name` = Jovanovic, `email` = dusan.krsmanovic.28.16@gmail.com, `users`.`updated_at` = 2019-11-19 11:32:55 where `id` = 23)  
[2019-11-19 11:33:00] local.ALERT: SQLSTATE[23000]: Integrity constraint violation: 1062 Duplicate entry 'dusan.krsmanovic.28.16@gmail.com' for key 'users_email_unique' (SQL: update `users` set `first_name` = Jovan, `last_name` = Jovanovic, `email` = dusan.krsmanovic.28.16@gmail.com, `users`.`updated_at` = 2019-11-19 11:33:00 where `id` = 23)  
[2019-11-19 11:33:05] local.ALERT: SQLSTATE[23000]: Integrity constraint violation: 1062 Duplicate entry 'dusan.krsmanovic.28.16@gmail.com' for key 'users_email_unique' (SQL: update `users` set `first_name` = Jovan, `last_name` = Jovanovic, `email` = dusan.krsmanovic.28.16@gmail.com, `users`.`updated_at` = 2019-11-19 11:33:05 where `id` = 23)  
[2019-11-19 11:33:11] local.ALERT: SQLSTATE[23000]: Integrity constraint violation: 1062 Duplicate entry 'dusan.krsmanovic.28.16@gmail.com' for key 'users_email_unique' (SQL: update `users` set `first_name` = Jovan, `last_name` = Jovanovic, `email` = dusan.krsmanovic.28.16@gmail.com, `users`.`updated_at` = 2019-11-19 11:33:11 where `id` = 23)  
[2019-11-19 11:33:16] local.ALERT: SQLSTATE[23000]: Integrity constraint violation: 1062 Duplicate entry 'dusan.krsmanovic.28.16@gmail.com' for key 'users_email_unique' (SQL: update `users` set `first_name` = Jovan, `last_name` = Jovanovic, `email` = dusan.krsmanovic.28.16@gmail.com, `users`.`updated_at` = 2019-11-19 11:33:16 where `id` = 23)  
[2019-11-19 11:33:20] local.ALERT: SQLSTATE[23000]: Integrity constraint violation: 1062 Duplicate entry 'dusan.krsmanovic.28.16@gmail.com' for key 'users_email_unique' (SQL: update `users` set `first_name` = Jovan, `last_name` = Jovanovic, `email` = dusan.krsmanovic.28.16@gmail.com, `users`.`updated_at` = 2019-11-19 11:33:20 where `id` = 23)  
[2019-11-19 11:33:23] local.ALERT: SQLSTATE[23000]: Integrity constraint violation: 1062 Duplicate entry 'dusan.krsmanovic.28.16@gmail.com' for key 'users_email_unique' (SQL: update `users` set `first_name` = Jovan, `last_name` = Jovanovic, `email` = dusan.krsmanovic.28.16@gmail.com, `users`.`updated_at` = 2019-11-19 11:33:23 where `id` = 23)  
[2019-11-19 11:51:01] local.ALERT: SQLSTATE[23000]: Integrity constraint violation: 1062 Duplicate entry 'dusan.krsmanovic.28.16@gmail.com' for key 'users_email_unique' (SQL: update `users` set `first_name` = Jovan, `last_name` = Jovanovic, `email` = dusan.krsmanovic.28.16@gmail.com, `users`.`updated_at` = 2019-11-19 11:51:00 where `id` = 23)  
[2019-11-19 11:51:07] local.ALERT: SQLSTATE[23000]: Integrity constraint violation: 1062 Duplicate entry 'dusan.krsmanovic.28.16@gmail.com' for key 'users_email_unique' (SQL: update `users` set `first_name` = Jovan, `last_name` = Jovanovic, `email` = dusan.krsmanovic.28.16@gmail.com, `users`.`updated_at` = 2019-11-19 11:51:07 where `id` = 23)  
[2019-11-19 11:51:25] local.ALERT: SQLSTATE[22007]: Invalid datetime format: 1366 Incorrect integer value: 'undefined' for column 'active' at row 1 (SQL: update `users` set `last_name` = Jovanović, `active` = undefined, `is_blocked` = undefined, `role_id` = undefined, `users`.`updated_at` = 2019-11-19 11:51:25 where `id` = 25)  
[2019-11-19 11:51:57] local.ERROR: Call to a member function attributesToArray() on null {"exception":"[object] (Symfony\\Component\\Debug\\Exception\\FatalThrowableError(code: 0): Call to a member function attributesToArray() on null at D:\\Dusan\\Quiz\\app\\Http\\Controllers\\Admin\\AdminsController.php:171)
[stacktrace]
#0 [internal function]: App\\Http\\Controllers\\Admin\\AdminsController->update(Object(App\\Http\\Requests\\AdminUserRequest), '25')
#1 D:\\Dusan\\Quiz\\vendor\\laravel\\framework\\src\\Illuminate\\Routing\\Controller.php(54): call_user_func_array(Array, Array)
#2 D:\\Dusan\\Quiz\\vendor\\laravel\\framework\\src\\Illuminate\\Routing\\ControllerDispatcher.php(45): Illuminate\\Routing\\Controller->callAction('update', Array)
#3 D:\\Dusan\\Quiz\\vendor\\laravel\\framework\\src\\Illuminate\\Routing\\Route.php(219): Illuminate\\Routing\\ControllerDispatcher->dispatch(Object(Illuminate\\Routing\\Route), Object(App\\Http\\Controllers\\Admin\\AdminsController), 'update')
#4 D:\\Dusan\\Quiz\\vendor\\laravel\\framework\\src\\Illuminate\\Routing\\Route.php(176): Illuminate\\Routing\\Route->runController()
#5 D:\\Dusan\\Quiz\\vendor\\laravel\\framework\\src\\Illuminate\\Routing\\Router.php(680): Illuminate\\Routing\\Route->run()
#6 D:\\Dusan\\Quiz\\vendor\\laravel\\framework\\src\\Illuminate\\Routing\\Pipeline.php(30): Illuminate\\Routing\\Router->Illuminate\\Routing\\{closure}(Object(Illuminate\\Http\\Request))
#7 D:\\Dusan\\Quiz\\app\\Http\\Middleware\\AdminMiddleware.php(28): Illuminate\\Routing\\Pipeline->Illuminate\\Routing\\{closure}(Object(Illuminate\\Http\\Request))
#8 D:\\Dusan\\Quiz\\vendor\\laravel\\framework\\src\\Illuminate\\Pipeline\\Pipeline.php(163): App\\Http\\Middleware\\AdminMiddleware->handle(Object(Illuminate\\Http\\Request), Object(Closure))
#9 D:\\Dusan\\Quiz\\vendor\\laravel\\framework\\src\\Illuminate\\Routing\\Pipeline.php(53): Illuminate\\Pipeline\\Pipeline->Illuminate\\Pipeline\\{closure}(Object(Illuminate\\Http\\Request))
#10 D:\\Dusan\\Quiz\\app\\Http\\Middleware\\LoginMiddleware.php(19): Illuminate\\Routing\\Pipeline->Illuminate\\Routing\\{closure}(Object(Illuminate\\Http\\Request))
#11 D:\\Dusan\\Quiz\\vendor\\laravel\\framework\\src\\Illuminate\\Pipeline\\Pipeline.php(163): App\\Http\\Middleware\\LoginMiddleware->handle(Object(Illuminate\\Http\\Request), Object(Closure))
#12 D:\\Dusan\\Quiz\\vendor\\laravel\\framework\\src\\Illuminate\\Routing\\Pipeline.php(53): Illuminate\\Pipeline\\Pipeline->Illuminate\\Pipeline\\{closure}(Object(Illuminate\\Http\\Request))
#13 D:\\Dusan\\Quiz\\vendor\\laravel\\framework\\src\\Illuminate\\Routing\\Middleware\\SubstituteBindings.php(41): Illuminate\\Routing\\Pipeline->Illuminate\\Routing\\{closure}(Object(Illuminate\\Http\\Request))
#14 D:\\Dusan\\Quiz\\vendor\\laravel\\framework\\src\\Illuminate\\Pipeline\\Pipeline.php(163): Illuminate\\Routing\\Middleware\\SubstituteBindings->handle(Object(Illuminate\\Http\\Request), Object(Closure))
#15 D:\\Dusan\\Quiz\\vendor\\laravel\\framework\\src\\Illuminate\\Routing\\Pipeline.php(53): Illuminate\\Pipeline\\Pipeline->Illuminate\\Pipeline\\{closure}(Object(Illuminate\\Http\\Request))
#16 D:\\Dusan\\Quiz\\vendor\\laravel\\framework\\src\\Illuminate\\Foundation\\Http\\Middleware\\VerifyCsrfToken.php(75): Illuminate\\Routing\\Pipeline->Illuminate\\Routing\\{closure}(Object(Illuminate\\Http\\Request))
#17 D:\\Dusan\\Quiz\\vendor\\laravel\\framework\\src\\Illuminate\\Pipeline\\Pipeline.php(163): Illuminate\\Foundation\\Http\\Middleware\\VerifyCsrfToken->handle(Object(Illuminate\\Http\\Request), Object(Closure))
#18 D:\\Dusan\\Quiz\\vendor\\laravel\\framework\\src\\Illuminate\\Routing\\Pipeline.php(53): Illuminate\\Pipeline\\Pipeline->Illuminate\\Pipeline\\{closure}(Object(Illuminate\\Http\\Request))
#19 D:\\Dusan\\Quiz\\vendor\\laravel\\framework\\src\\Illuminate\\View\\Middleware\\ShareErrorsFromSession.php(49): Illuminate\\Routing\\Pipeline->Illuminate\\Routing\\{closure}(Object(Illuminate\\Http\\Request))
#20 D:\\Dusan\\Quiz\\vendor\\laravel\\framework\\src\\Illuminate\\Pipeline\\Pipeline.php(163): Illuminate\\View\\Middleware\\ShareErrorsFromSession->handle(Object(Illuminate\\Http\\Request), Object(Closure))
#21 D:\\Dusan\\Quiz\\vendor\\laravel\\framework\\src\\Illuminate\\Routing\\Pipeline.php(53): Illuminate\\Pipeline\\Pipeline->Illuminate\\Pipeline\\{closure}(Object(Illuminate\\Http\\Request))
#22 D:\\Dusan\\Quiz\\vendor\\laravel\\framework\\src\\Illuminate\\Session\\Middleware\\StartSession.php(56): Illuminate\\Routing\\Pipeline->Illuminate\\Routing\\{closure}(Object(Illuminate\\Http\\Request))
#23 D:\\Dusan\\Quiz\\vendor\\laravel\\framework\\src\\Illuminate\\Pipeline\\Pipeline.php(163): Illuminate\\Session\\Middleware\\StartSession->handle(Object(Illuminate\\Http\\Request), Object(Closure))
#24 D:\\Dusan\\Quiz\\vendor\\laravel\\framework\\src\\Illuminate\\Routing\\Pipeline.php(53): Illuminate\\Pipeline\\Pipeline->Illuminate\\Pipeline\\{closure}(Object(Illuminate\\Http\\Request))
#25 D:\\Dusan\\Quiz\\vendor\\laravel\\framework\\src\\Illuminate\\Cookie\\Middleware\\AddQueuedCookiesToResponse.php(37): Illuminate\\Routing\\Pipeline->Illuminate\\Routing\\{closure}(Object(Illuminate\\Http\\Request))
#26 D:\\Dusan\\Quiz\\vendor\\laravel\\framework\\src\\Illuminate\\Pipeline\\Pipeline.php(163): Illuminate\\Cookie\\Middleware\\AddQueuedCookiesToResponse->handle(Object(Illuminate\\Http\\Request), Object(Closure))
#27 D:\\Dusan\\Quiz\\vendor\\laravel\\framework\\src\\Illuminate\\Routing\\Pipeline.php(53): Illuminate\\Pipeline\\Pipeline->Illuminate\\Pipeline\\{closure}(Object(Illuminate\\Http\\Request))
#28 D:\\Dusan\\Quiz\\vendor\\laravel\\framework\\src\\Illuminate\\Cookie\\Middleware\\EncryptCookies.php(66): Illuminate\\Routing\\Pipeline->Illuminate\\Routing\\{closure}(Object(Illuminate\\Http\\Request))
#29 D:\\Dusan\\Quiz\\vendor\\laravel\\framework\\src\\Illuminate\\Pipeline\\Pipeline.php(163): Illuminate\\Cookie\\Middleware\\EncryptCookies->handle(Object(Illuminate\\Http\\Request), Object(Closure))
#30 D:\\Dusan\\Quiz\\vendor\\laravel\\framework\\src\\Illuminate\\Routing\\Pipeline.php(53): Illuminate\\Pipeline\\Pipeline->Illuminate\\Pipeline\\{closure}(Object(Illuminate\\Http\\Request))
#31 D:\\Dusan\\Quiz\\vendor\\laravel\\framework\\src\\Illuminate\\Pipeline\\Pipeline.php(104): Illuminate\\Routing\\Pipeline->Illuminate\\Routing\\{closure}(Object(Illuminate\\Http\\Request))
#32 D:\\Dusan\\Quiz\\vendor\\laravel\\framework\\src\\Illuminate\\Routing\\Router.php(682): Illuminate\\Pipeline\\Pipeline->then(Object(Closure))
#33 D:\\Dusan\\Quiz\\vendor\\laravel\\framework\\src\\Illuminate\\Routing\\Router.php(657): Illuminate\\Routing\\Router->runRouteWithinStack(Object(Illuminate\\Routing\\Route), Object(Illuminate\\Http\\Request))
#34 D:\\Dusan\\Quiz\\vendor\\laravel\\framework\\src\\Illuminate\\Routing\\Router.php(623): Illuminate\\Routing\\Router->runRoute(Object(Illuminate\\Http\\Request), Object(Illuminate\\Routing\\Route))
#35 D:\\Dusan\\Quiz\\vendor\\laravel\\framework\\src\\Illuminate\\Routing\\Router.php(612): Illuminate\\Routing\\Router->dispatchToRoute(Object(Illuminate\\Http\\Request))
#36 D:\\Dusan\\Quiz\\vendor\\laravel\\framework\\src\\Illuminate\\Foundation\\Http\\Kernel.php(176): Illuminate\\Routing\\Router->dispatch(Object(Illuminate\\Http\\Request))
#37 D:\\Dusan\\Quiz\\vendor\\laravel\\framework\\src\\Illuminate\\Routing\\Pipeline.php(30): Illuminate\\Foundation\\Http\\Kernel->Illuminate\\Foundation\\Http\\{closure}(Object(Illuminate\\Http\\Request))
#38 D:\\Dusan\\Quiz\\vendor\\fideloper\\proxy\\src\\TrustProxies.php(57): Illuminate\\Routing\\Pipeline->Illuminate\\Routing\\{closure}(Object(Illuminate\\Http\\Request))
#39 D:\\Dusan\\Quiz\\vendor\\laravel\\framework\\src\\Illuminate\\Pipeline\\Pipeline.php(163): Fideloper\\Proxy\\TrustProxies->handle(Object(Illuminate\\Http\\Request), Object(Closure))
#40 D:\\Dusan\\Quiz\\vendor\\laravel\\framework\\src\\Illuminate\\Routing\\Pipeline.php(53): Illuminate\\Pipeline\\Pipeline->Illuminate\\Pipeline\\{closure}(Object(Illuminate\\Http\\Request))
#41 D:\\Dusan\\Quiz\\vendor\\laravel\\framework\\src\\Illuminate\\Foundation\\Http\\Middleware\\TransformsRequest.php(21): Illuminate\\Routing\\Pipeline->Illuminate\\Routing\\{closure}(Object(Illuminate\\Http\\Request))
#42 D:\\Dusan\\Quiz\\vendor\\laravel\\framework\\src\\Illuminate\\Pipeline\\Pipeline.php(163): Illuminate\\Foundation\\Http\\Middleware\\TransformsRequest->handle(Object(Illuminate\\Http\\Request), Object(Closure))
#43 D:\\Dusan\\Quiz\\vendor\\laravel\\framework\\src\\Illuminate\\Routing\\Pipeline.php(53): Illuminate\\Pipeline\\Pipeline->Illuminate\\Pipeline\\{closure}(Object(Illuminate\\Http\\Request))
#44 D:\\Dusan\\Quiz\\vendor\\laravel\\framework\\src\\Illuminate\\Foundation\\Http\\Middleware\\TransformsRequest.php(21): Illuminate\\Routing\\Pipeline->Illuminate\\Routing\\{closure}(Object(Illuminate\\Http\\Request))
#45 D:\\Dusan\\Quiz\\vendor\\laravel\\framework\\src\\Illuminate\\Pipeline\\Pipeline.php(163): Illuminate\\Foundation\\Http\\Middleware\\TransformsRequest->handle(Object(Illuminate\\Http\\Request), Object(Closure))
#46 D:\\Dusan\\Quiz\\vendor\\laravel\\framework\\src\\Illuminate\\Routing\\Pipeline.php(53): Illuminate\\Pipeline\\Pipeline->Illuminate\\Pipeline\\{closure}(Object(Illuminate\\Http\\Request))
#47 D:\\Dusan\\Quiz\\vendor\\laravel\\framework\\src\\Illuminate\\Foundation\\Http\\Middleware\\ValidatePostSize.php(27): Illuminate\\Routing\\Pipeline->Illuminate\\Routing\\{closure}(Object(Illuminate\\Http\\Request))
#48 D:\\Dusan\\Quiz\\vendor\\laravel\\framework\\src\\Illuminate\\Pipeline\\Pipeline.php(163): Illuminate\\Foundation\\Http\\Middleware\\ValidatePostSize->handle(Object(Illuminate\\Http\\Request), Object(Closure))
#49 D:\\Dusan\\Quiz\\vendor\\laravel\\framework\\src\\Illuminate\\Routing\\Pipeline.php(53): Illuminate\\Pipeline\\Pipeline->Illuminate\\Pipeline\\{closure}(Object(Illuminate\\Http\\Request))
#50 D:\\Dusan\\Quiz\\vendor\\laravel\\framework\\src\\Illuminate\\Foundation\\Http\\Middleware\\CheckForMaintenanceMode.php(62): Illuminate\\Routing\\Pipeline->Illuminate\\Routing\\{closure}(Object(Illuminate\\Http\\Request))
#51 D:\\Dusan\\Quiz\\vendor\\laravel\\framework\\src\\Illuminate\\Pipeline\\Pipeline.php(163): Illuminate\\Foundation\\Http\\Middleware\\CheckForMaintenanceMode->handle(Object(Illuminate\\Http\\Request), Object(Closure))
#52 D:\\Dusan\\Quiz\\vendor\\laravel\\framework\\src\\Illuminate\\Routing\\Pipeline.php(53): Illuminate\\Pipeline\\Pipeline->Illuminate\\Pipeline\\{closure}(Object(Illuminate\\Http\\Request))
#53 D:\\Dusan\\Quiz\\vendor\\laravel\\framework\\src\\Illuminate\\Pipeline\\Pipeline.php(104): Illuminate\\Routing\\Pipeline->Illuminate\\Routing\\{closure}(Object(Illuminate\\Http\\Request))
#54 D:\\Dusan\\Quiz\\vendor\\laravel\\framework\\src\\Illuminate\\Foundation\\Http\\Kernel.php(151): Illuminate\\Pipeline\\Pipeline->then(Object(Closure))
#55 D:\\Dusan\\Quiz\\vendor\\laravel\\framework\\src\\Illuminate\\Foundation\\Http\\Kernel.php(116): Illuminate\\Foundation\\Http\\Kernel->sendRequestThroughRouter(Object(Illuminate\\Http\\Request))
#56 D:\\Dusan\\Quiz\\public\\index.php(55): Illuminate\\Foundation\\Http\\Kernel->handle(Object(Illuminate\\Http\\Request))
#57 D:\\Dusan\\Quiz\\server.php(21): require_once('D:\\\\Dusan\\\\Quiz\\\\p...')
#58 {main}
"} 
[2019-11-19 12:34:06] local.ALERT: SQLSTATE[23000]: Integrity constraint violation: 1062 Duplicate entry 'dusan.krsmanovic.28.16@gmail.com' for key 'users_email_unique' (SQL: update `users` set `first_name` = Jovan, `last_name` = Jovanović, `email` = dusan.krsmanovic.28.16@gmail.com, `users`.`updated_at` = 2019-11-19 12:34:06 where `id` = 23)  
[2019-11-19 12:34:18] local.ALERT: SQLSTATE[23000]: Integrity constraint violation: 1062 Duplicate entry 'dusan.krsmanovic.28.16@gmail.com' for key 'users_email_unique' (SQL: update `users` set `first_name` = Jovan, `last_name` = Jovanović, `email` = dusan.krsmanovic.28.16@gmail.com, `users`.`updated_at` = 2019-11-19 12:34:18 where `id` = 23)  
[2019-11-19 12:34:31] local.ALERT: SQLSTATE[23000]: Integrity constraint violation: 1062 Duplicate entry 'dusan.krsmanovic.28.16@gmail.com' for key 'users_email_unique' (SQL: update `users` set `first_name` = Jovan, `last_name` = Jovanović, `email` = dusan.krsmanovic.28.16@gmail.com, `users`.`updated_at` = 2019-11-19 12:34:31 where `id` = 23)  
[2019-11-19 12:34:46] local.ALERT: SQLSTATE[23000]: Integrity constraint violation: 1062 Duplicate entry 'dusan.krsmanovic.28.16@gmail.com' for key 'users_email_unique' (SQL: update `users` set `first_name` = Jovan, `last_name` = Jovanović, `email` = dusan.krsmanovic.28.16@gmail.com, `users`.`updated_at` = 2019-11-19 12:34:46 where `id` = 23)  
[2019-11-19 12:56:45] local.ALERT: SQLSTATE[23000]: Integrity constraint violation: 1062 Duplicate entry 'dusan.krsmanovic.28.16@gmail.com' for key 'users_email_unique' (SQL: update `users` set `first_name` = Jovan, `last_name` = Jovanović, `email` = dusan.krsmanovic.28.16@gmail.com, `users`.`updated_at` = 2019-11-19 12:56:45 where `id` = 23)  
[2019-11-19 12:56:51] local.ALERT: SQLSTATE[23000]: Integrity constraint violation: 1062 Duplicate entry 'dusan.krsmanovic.28.16@gmail.com' for key 'users_email_unique' (SQL: update `users` set `first_name` = Jovan, `last_name` = Jovanović, `email` = dusan.krsmanovic.28.16@gmail.com, `users`.`updated_at` = 2019-11-19 12:56:51 where `id` = 23)  
[2019-11-19 22:48:48] local.ALERT: SQLSTATE[23000]: Integrity constraint violation: 1062 Duplicate entry 'dusan.krsmanovic.28.16@gmail.com' for key 'users_email_unique' (SQL: update `users` set `first_name` = Jovan, `last_name` = Jovanović, `email` = dusan.krsmanovic.28.16@gmail.com, `users`.`updated_at` = 2019-11-19 22:48:47 where `id` = 23)  
[2019-11-19 22:55:38] local.ALERT: SQLSTATE[23000]: Integrity constraint violation: 1062 Duplicate entry 'dusan.krsmanovic.28.16@gmail.com' for key 'users_email_unique' (SQL: update `users` set `first_name` = Jovan, `last_name` = Jovanović, `email` = dusan.krsmanovic.28.16@gmail.com, `users`.`updated_at` = 2019-11-19 22:55:38 where `id` = 23)  
